2018-07-11 20:07:33,309:ERROR:something is wrong with the xmlstring
Traceback (most recent call last):
  File "/home/rohola/Codes/Python/nano_cancer_therapy_mining/database/xmlread.py", line 60, in get_all_texts
    context = ET.iterparse(io.BytesIO(xmlstring.encode("utf-8")), events=('end',), tag=tag)
MemoryError
2018-07-11 20:51:15,712:INFO:writes 10000 of articles to database
2018-07-11 20:54:04,844:INFO:writes 20000 of articles to database
2018-07-11 20:57:26,348:INFO:writes 30000 of articles to database
2018-07-11 21:00:28,467:INFO:writes 40000 of articles to database
2018-07-11 21:03:29,571:INFO:writes 50000 of articles to database
2018-07-11 21:06:38,987:INFO:writes 60000 of articles to database
2018-07-11 21:09:34,011:INFO:writes 70000 of articles to database
2018-07-11 21:12:48,383:INFO:writes 80000 of articles to database
2018-07-11 21:15:52,197:INFO:writes 90000 of articles to database
2018-07-11 21:18:59,188:INFO:writes 100000 of articles to database
2018-07-11 21:21:52,053:INFO:writes 110000 of articles to database
2018-07-11 21:25:10,330:INFO:writes 120000 of articles to database
2018-07-11 21:28:12,239:INFO:writes 130000 of articles to database
2018-07-15 12:45:04,004:INFO:writes 10000 of articles to database
2018-07-15 12:47:25,670:INFO:writes 20000 of articles to database
